[17:01:30] [ServerMain/INFO]: Environment: authHost='https://authserver.mojang.com', accountsHost='https://api.mojang.com', sessionHost='https://sessionserver.mojang.com', servicesHost='https://api.minecraftservices.com', name='PROD'
[17:01:31] [Worker-Main-4/INFO]: Loaded 7 recipes
[17:01:32] [Server thread/INFO]: Starting minecraft server version 1.18.2
[17:01:32] [Server thread/INFO]: Loading properties
[17:01:32] [Server thread/INFO]: This server is running Paper version git-Paper-388 (MC: 1.18.2) (Implementing API version 1.18.2-R0.1-SNAPSHOT) (Git: fc9ee65 on ver/1.18.2)
[17:01:32] [Server thread/INFO]: Using 4 threads for Netty based IO
[17:01:32] [Server thread/INFO]: Server Ping Player Sample Count: 12
[17:01:32] [Server thread/INFO]: Default game type: SURVIVAL
[17:01:32] [Server thread/INFO]: Generating keypair
[17:01:32] [Server thread/INFO]: Starting Minecraft server on *:25565
[17:01:32] [Server thread/INFO]: Using default channel type
[17:01:32] [Server thread/INFO]: Paper: Using Java 11 compression from Velocity.
[17:01:32] [Server thread/INFO]: Paper: Using Java cipher from Velocity.
[17:01:33] [Server thread/INFO]: [VerifyPlayerPlugin] Loading VerifyPlayerPlugin v1.0
[17:01:33] [Server thread/INFO]: [ViaVersion] Loading ViaVersion v4.7.0
[17:01:33] [Server thread/INFO]: [ViaVersion] ViaVersion 4.7.0 is now loaded. Registering protocol transformers and injecting...
[17:01:33] [Via-Mappingloader-0/INFO]: [ViaVersion] Loading block connection mappings ...
[17:01:33] [Server thread/INFO]: [ViaBackwards] Loading translations...
[17:01:33] [Server thread/INFO]: [ViaBackwards] Registering protocols...
[17:01:33] [Via-Mappingloader-0/INFO]: [ViaVersion] Using FastUtil Long2ObjectOpenHashMap for block connections
[17:01:34] [Server thread/INFO]: [ViaBackwards] Loading ViaBackwards v4.7.0
[17:01:34] [Server thread/INFO]: Server permissions file permissions.yml is empty, ignoring it
[17:01:34] [Server thread/WARN]: **** SERVER IS RUNNING IN OFFLINE/INSECURE MODE!
[17:01:34] [Server thread/WARN]: The server will make no attempt to authenticate usernames. Beware.
[17:01:34] [Server thread/WARN]: While this makes the game possible to play without internet access, it also opens up the ability for hackers to connect with any username they choose.
[17:01:34] [Server thread/WARN]: To change this, set "online-mode" to "true" in the server.properties file.
[17:01:34] [Server thread/INFO]: Preparing level "world"
[17:01:34] [Server thread/INFO]: Preparing start region for dimension minecraft:overworld
[17:01:34] [Server thread/INFO]: Time elapsed: 230 ms
[17:01:34] [Server thread/INFO]: Preparing start region for dimension minecraft:the_nether
[17:01:34] [Server thread/INFO]: Time elapsed: 108 ms
[17:01:34] [Server thread/INFO]: Preparing start region for dimension minecraft:the_end
[17:01:34] [Server thread/INFO]: Time elapsed: 170 ms
[17:01:34] [Server thread/INFO]: [VerifyPlayerPlugin] Enabling VerifyPlayerPlugin v1.0
[17:01:34] [Server thread/INFO]: [ViaVersion] Enabling ViaVersion v4.7.0
[17:01:34] [Server thread/INFO]: [ViaVersion] ViaVersion detected server version: 1.18.2 (758)
[17:01:35] [Server thread/INFO]: [ViaBackwards] Enabling ViaBackwards v4.7.0
[17:01:35] [Server thread/INFO]: Running delayed init tasks
[17:01:35] [Server thread/INFO]: Done (2.745s)! For help, type "help"
[17:01:35] [Server thread/INFO]: Timings Reset
[17:01:35] [Craft Scheduler Thread - 2 - ViaVersion/INFO]: [ViaVersion] Finished mapping loading, shutting down loader executor!
[17:01:43] [User Authenticator #1/INFO]: UUID of player Mellstroy is ff862295-21d8-3fbe-814a-ef71c54e4e20
[17:01:43] [Server thread/INFO]: Mellstroy joined the game
[17:01:43] [Server thread/INFO]: Mellstroy[/127.0.0.1:57384] logged in with entity id 47 at ([world]6.407152061708688, -60.0, 116.35580716550407)
[17:01:48] [Server thread/INFO]: [VerifyPlayerPlugin] [STDOUT] Gracz zrobi³ weryfikacjê: ff862295-21d8-3fbe-814a-ef71c54e4e20 Mellstroy
[17:01:48] [Server thread/WARN]: Nag author(s): '[QLN]' of 'VerifyPlayerPlugin' about their usage of System.out/err.print. Please use your plugin's logger instead (JavaPlugin#getLogger).
[17:01:51] [Server thread/INFO]: Mellstroy lost connection: Disconnected
[17:01:51] [Server thread/INFO]: Mellstroy left the game
[17:01:52] [User Authenticator #1/INFO]: UUID of player Mellstroy is ff862295-21d8-3fbe-814a-ef71c54e4e20
[17:01:52] [Server thread/INFO]: Mellstroy joined the game
[17:01:52] [Server thread/INFO]: Mellstroy[/127.0.0.1:57405] logged in with entity id 48 at ([world]6.407152061708688, -60.0, 116.35580716550407)
[17:01:53] [Server thread/INFO]: Mellstroy lost connection: Wystapil blad podczas weryfikacji!
[17:01:53] [Server thread/INFO]: Mellstroy left the game
[17:01:53] [User Authenticator #1/INFO]: UUID of player Mellstroy is ff862295-21d8-3fbe-814a-ef71c54e4e20
[17:01:54] [Server thread/INFO]: Mellstroy joined the game
[17:01:54] [Server thread/INFO]: Mellstroy[/127.0.0.1:57414] logged in with entity id 49 at ([world]6.407152061708688, -60.0, 116.35580716550407)
[17:01:54] [Server thread/INFO]: Mellstroy lost connection: Wystapil blad podczas weryfikacji!
[17:01:54] [Server thread/INFO]: Mellstroy left the game
